  MuninGraph.pch.cpp
  GraphColor.cpp
  MuninGraph.cpp
  MuninScriptGraph.cpp
  SGNode_DebugText.cpp
  SGNode_FloatToString.cpp
  ScriptGraphDataObject.cpp
  NodeGraphPin.cpp
  NodeGraphSchema.cpp
  NodeGraphNode.cpp
  NodeGraphEdge.cpp
  SGNode_EventTick.cpp
  SGNode_MathOps.cpp
  SGNode_EventBeginPlay.cpp
  ScriptGraphTypes.cpp
  ScriptGraphVariable.cpp
  ScriptGraphPin.cpp
  NodeGraph.cpp
  ScriptGraph.cpp
  GlobalUID.cpp
  ScriptGraphNode.cpp
  Generating Code...
  Compiling...
  ScriptGraphSchema.cpp
  SGNode_Variable.cpp
  SGNode_EventBase.cpp
  SGnode_Timer.cpp
  SGNode_IntToString.cpp
  SGNode_Branch.cpp
  Generating Code...
  MuninGraph.vcxproj -> C:\Users\minhp\Downloads\Scripting U4\Scripting U3\Lib\MuninGraph.lib
